<?xml version="1.0" encoding="UTF-8"?>
<testsuite xmlns:xsi="http://www.w3.org/2001/XMLSchema-instance" xsi:noNamespaceSchemaLocation="https://maven.apache.org/surefire/maven-surefire-plugin/xsd/surefire-test-report.xsd" name="TestHelloServlet" time="0.192" tests="3" errors="2" skipped="0" failures="1">
  <properties>
    <property name="sun.desktop" value="windows"/>
    <property name="awt.toolkit" value="sun.awt.windows.WToolkit"/>
    <property name="java.specification.version" value="9"/>
    <property name="file.encoding.pkg" value="sun.io"/>
    <property name="sun.cpu.isalist" value="amd64"/>
    <property name="sun.jnu.encoding" value="Cp1250"/>
    <property name="java.class.path" value="D:\STUDIA\PJWSTK\GIT\JAZ-Java\lab01\target\test-classes;D:\STUDIA\PJWSTK\GIT\JAZ-Java\lab01\target\classes;C:\Users\Filip\.m2\repository\junit\junit\4.11\junit-4.11.jar;C:\Users\Filip\.m2\repository\org\hamcrest\hamcrest-core\1.3\hamcrest-core-1.3.jar;C:\Users\Filip\.m2\repository\javax\javaee-web-api\7.0\javaee-web-api-7.0.jar;C:\Users\Filip\.m2\repository\org\mockito\mockito-all\1.10.19\mockito-all-1.10.19.jar;C:\Users\Filip\.m2\repository\javax\servlet\javax.servlet-api\3.1.0\javax.servlet-api-3.1.0.jar;"/>
    <property name="java.vm.vendor" value="Oracle Corporation"/>
    <property name="sun.arch.data.model" value="64"/>
    <property name="user.variant" value=""/>
    <property name="java.vendor.url" value="http://java.oracle.com/"/>
    <property name="user.timezone" value="Europe/Belgrade"/>
    <property name="java.vm.specification.version" value="9"/>
    <property name="os.name" value="Windows 10"/>
    <property name="sun.java.launcher" value="SUN_STANDARD"/>
    <property name="user.country" value="PL"/>
    <property name="sun.boot.library.path" value="C:\Program Files\Java\jdk-9.0.4\bin"/>
    <property name="sun.java.command" value="C:\Users\Filip\AppData\Local\Temp\surefire17995791945682562244\surefirebooter4230846971671009447.jar C:\Users\Filip\AppData\Local\Temp\surefire17995791945682562244 2019-03-15T00-48-42_552-jvmRun1 surefire2937458707613596769tmp surefire_03927119693003868180tmp"/>
    <property name="jdk.debug" value="release"/>
    <property name="surefire.test.class.path" value="D:\STUDIA\PJWSTK\GIT\JAZ-Java\lab01\target\test-classes;D:\STUDIA\PJWSTK\GIT\JAZ-Java\lab01\target\classes;C:\Users\Filip\.m2\repository\junit\junit\4.11\junit-4.11.jar;C:\Users\Filip\.m2\repository\org\hamcrest\hamcrest-core\1.3\hamcrest-core-1.3.jar;C:\Users\Filip\.m2\repository\javax\javaee-web-api\7.0\javaee-web-api-7.0.jar;C:\Users\Filip\.m2\repository\org\mockito\mockito-all\1.10.19\mockito-all-1.10.19.jar;C:\Users\Filip\.m2\repository\javax\servlet\javax.servlet-api\3.1.0\javax.servlet-api-3.1.0.jar;"/>
    <property name="sun.cpu.endian" value="little"/>
    <property name="user.home" value="C:\Users\Filip"/>
    <property name="user.language" value="pl"/>
    <property name="java.specification.vendor" value="Oracle Corporation"/>
    <property name="java.home" value="C:\Program Files\Java\jdk-9.0.4"/>
    <property name="file.separator" value="\"/>
    <property name="basedir" value="D:\STUDIA\PJWSTK\GIT\JAZ-Java\lab01"/>
    <property name="java.vm.compressedOopsMode" value="32-bit"/>
    <property name="line.separator" value="&#10;"/>
    <property name="java.vm.specification.vendor" value="Oracle Corporation"/>
    <property name="java.specification.name" value="Java Platform API Specification"/>
    <property name="java.awt.graphicsenv" value="sun.awt.Win32GraphicsEnvironment"/>
    <property name="surefire.real.class.path" value="C:\Users\Filip\AppData\Local\Temp\surefire17995791945682562244\surefirebooter4230846971671009447.jar"/>
    <property name="user.script" value=""/>
    <property name="sun.management.compiler" value="HotSpot 64-Bit Tiered Compilers"/>
    <property name="java.runtime.version" value="9.0.4+11"/>
    <property name="user.name" value="Filip"/>
    <property name="path.separator" value=";"/>
    <property name="os.version" value="10.0"/>
    <property name="java.runtime.name" value="Java(TM) SE Runtime Environment"/>
    <property name="file.encoding" value="Cp1250"/>
    <property name="java.vm.name" value="Java HotSpot(TM) 64-Bit Server VM"/>
    <property name="localRepository" value="C:\Users\Filip\.m2\repository"/>
    <property name="java.vendor.url.bug" value="http://bugreport.java.com/bugreport/"/>
    <property name="java.io.tmpdir" value="C:\Users\Filip\AppData\Local\Temp\"/>
    <property name="idea.version" value="2018.3.5"/>
    <property name="java.version" value="9.0.4"/>
    <property name="user.dir" value="D:\STUDIA\PJWSTK\GIT\JAZ-Java\lab01"/>
    <property name="os.arch" value="amd64"/>
    <property name="java.vm.specification.name" value="Java Virtual Machine Specification"/>
    <property name="java.awt.printerjob" value="sun.awt.windows.WPrinterJob"/>
    <property name="sun.os.patch.level" value=""/>
    <property name="java.library.path" value="C:\Program Files\Java\jdk-9.0.4\bin;C:\WINDOWS\Sun\Java\bin;C:\WINDOWS\system32;C:\WINDOWS;C:\Program Files (x86)\iis express\PHP\v7.1;C:\ProgramData\Oracle\Java\javapath;C:\Program Files (x86)\Razer Chroma SDK\bin;C:\Program Files\Razer Chroma SDK\bin;C:\Windows\system32;C:\Windows;C:\Windows\System32\Wbem;C:\Windows\System32\WindowsPowerShell\v1.0\;C:\Users\Filip\AppData\Local\Microsoft\WindowsApps;C:\Program Files\dotnet\;C:\Program Files\Microsoft SQL Server\130\Tools\Binn\;C:\WINDOWS\System32\OpenSSH\;C:\Program Files\Git\cmd;C:\Program Files\NVIDIA Corporation\NVIDIA NvDLISR;C:\Program Files (x86)\NVIDIA Corporation\PhysX\Common;C:\Users\Filip\AppData\Local\Microsoft\WindowsApps;."/>
    <property name="java.vm.info" value="mixed mode"/>
    <property name="java.vendor" value="Oracle Corporation"/>
    <property name="java.vm.version" value="9.0.4+11"/>
    <property name="sun.io.unicode.encoding" value="UnicodeLittle"/>
    <property name="java.class.version" value="53.0"/>
  </properties>
  <testcase name="servlet_should_not_greet_the_user_if_the_name_is_empty" classname="TestHelloServlet" time="0.128">
    <error type="java.lang.NullPointerException">java.lang.NullPointerException
	at TestHelloServlet.servlet_should_not_greet_the_user_if_the_name_is_empty(TestHelloServlet.java:33)
</error>
  </testcase>
  <testcase name="servlet_should_not_greet_the_user_if_the_name_is_null" classname="TestHelloServlet" time="0">
    <error type="java.lang.NullPointerException">java.lang.NullPointerException
	at TestHelloServlet.servlet_should_not_greet_the_user_if_the_name_is_null(TestHelloServlet.java:20)
</error>
  </testcase>
  <testcase name="servlet_should_greet_the_user_when_the_name_is_provided" classname="TestHelloServlet" time="0.017">
    <failure message="&#10;Argument(s) are different! Wanted:&#10;printWriter.println(&quot;&lt;h1&gt;Hello filip&lt;h1&gt;&quot;);&#10;-&gt; at TestHelloServlet.servlet_should_greet_the_user_when_the_name_is_provided(TestHelloServlet.java:49)&#10;Actual invocation has different arguments:&#10;printWriter.println(&quot;&lt;h1&gt;Hello filip&lt;/h1&gt;&quot;);&#10;-&gt; at servlets.HelloServlet.doPost(HelloServlet.java:27)&#10;" type="org.mockito.exceptions.verification.junit.ArgumentsAreDifferent"><![CDATA[org.mockito.exceptions.verification.junit.ArgumentsAreDifferent: 

Argument(s) are different! Wanted:
printWriter.println("<h1>Hello filip<h1>");
-> at TestHelloServlet.servlet_should_greet_the_user_when_the_name_is_provided(TestHelloServlet.java:49)
Actual invocation has different arguments:
printWriter.println("<h1>Hello filip</h1>");
-> at servlets.HelloServlet.doPost(HelloServlet.java:27)

	at TestHelloServlet.servlet_should_greet_the_user_when_the_name_is_provided(TestHelloServlet.java:49)
]]></failure>
  </testcase>
</testsuite>